<?xml version="1.0" encoding="UTF-8"?>
<!-- Generated by org.testng.reporters.JUnitXMLReporter -->
<testsuite ignored="0" hostname="A_Device" failures="0" tests="4" name="Default test" time="33.166" errors="0" timestamp="2023-10-13T19:17:30 PDT">
  <testcase classname="test.RandomScenariosTest" name="TestCase33" time="5.651"/>
  <testcase classname="test.RandomScenariosTest" name="TestCase37" time="6.086"/>
  <testcase classname="test.RandomScenariosTest" name="TestCase34" time="3.76"/>
  <testcase classname="test.RandomScenariosTest" name="TestCase35" time="7.297"/>
</testsuite> <!-- Default test -->
