<?xml version="1.0" encoding="UTF-8"?>
<!-- Generated by org.testng.reporters.JUnitXMLReporter -->
<testsuite ignored="0" hostname="A_Device" failures="0" tests="4" name="Test" time="37.625" errors="0" timestamp="2023-10-13T19:14:28 PDT">
  <testcase classname="test.RandomScenariosTest" name="TestCase33" time="6.042"/>
  <testcase classname="test.RandomScenariosTest" name="TestCase37" time="6.037"/>
  <testcase classname="test.RandomScenariosTest" name="TestCase34" time="3.97"/>
  <testcase classname="test.RandomScenariosTest" name="TestCase35" time="8.548"/>
</testsuite> <!-- Test -->
